This is pdfTeX, Version 3.14159265-2.6-1.40.19 (MiKTeX 2.9.6730 64-bit) (preloaded format=pdflatex 2018.7.27)  31 JUL 2018 19:32
entering extended mode
**./report.tex
(report.tex
LaTeX2e <2018-04-01> patch level 5
(E:\miktex\tex\latex\base\article.cls
Document Class: article 2014/09/29 v1.4h Standard LaTeX document class
(E:\miktex\tex\latex\base\size10.clo
File: size10.clo 2014/09/29 v1.4h Standard LaTeX file (size option)
)
\c@part=\count80
\c@section=\count81
\c@subsection=\count82
\c@subsubsection=\count83
\c@paragraph=\count84
\c@subparagraph=\count85
\c@figure=\count86
\c@table=\count87
\abovecaptionskip=\skip41
\belowcaptionskip=\skip42
\bibindent=\dimen102
)
(E:\miktex\tex\latex\graphics\graphicx.sty
Package: graphicx 2017/06/01 v1.1a Enhanced LaTeX Graphics (DPC,SPQR)

(E:\miktex\tex\latex\graphics\keyval.sty
Package: keyval 2014/10/28 v1.15 key=value parser (DPC)
\KV@toks@=\toks14
)
(E:\miktex\tex\latex\graphics\graphics.sty
Package: graphics 2017/06/25 v1.2c Standard LaTeX Graphics (DPC,SPQR)

(E:\miktex\tex\latex\graphics\trig.sty
Package: trig 2016/01/03 v1.10 sin cos tan (DPC)
)
(E:\miktex\tex\latex\graphics-cfg\graphics.cfg
File: graphics.cfg 2016/06/04 v1.11 sample graphics configuration
)
Package graphics Info: Driver file: pdftex.def on input line 99.

(E:\miktex\tex\latex\graphics-def\pdftex.def
File: pdftex.def 2018/01/08 v1.0l Graphics/color driver for pdftex
))
\Gin@req@height=\dimen103
\Gin@req@width=\dimen104
)
(E:\miktex\tex\latex\hyperref\hyperref.sty
Package: hyperref 2018/02/06 v6.86b Hypertext links for LaTeX

(E:\miktex\tex\generic\oberdiek\hobsub-hyperref.sty
Package: hobsub-hyperref 2016/05/16 v1.14 Bundle oberdiek, subset hyperref (HO)


(E:\miktex\tex\generic\oberdiek\hobsub-generic.sty
Package: hobsub-generic 2016/05/16 v1.14 Bundle oberdiek, subset generic (HO)
Package: hobsub 2016/05/16 v1.14 Construct package bundles (HO)
Package: infwarerr 2016/05/16 v1.4 Providing info/warning/error messages (HO)
Package: ltxcmds 2016/05/16 v1.23 LaTeX kernel commands for general use (HO)
Package: ifluatex 2016/05/16 v1.4 Provides the ifluatex switch (HO)
Package ifluatex Info: LuaTeX not detected.
Package: ifvtex 2016/05/16 v1.6 Detect VTeX and its facilities (HO)
Package ifvtex Info: VTeX not detected.
Package: intcalc 2016/05/16 v1.2 Expandable calculations with integers (HO)
Package: ifpdf 2017/03/15 v3.2 Provides the ifpdf switch
Package: etexcmds 2016/05/16 v1.6 Avoid name clashes with e-TeX commands (HO)
Package etexcmds Info: Could not find \expanded.
(etexcmds)             That can mean that you are not using pdfTeX 1.50 or
(etexcmds)             that some package has redefined \expanded.
(etexcmds)             In the latter case, load this package earlier.
Package: kvsetkeys 2016/05/16 v1.17 Key value parser (HO)
Package: kvdefinekeys 2016/05/16 v1.4 Define keys (HO)
Package: pdftexcmds 2018/01/30 v0.27 Utility functions of pdfTeX for LuaTeX (HO
)
Package pdftexcmds Info: LuaTeX not detected.
Package pdftexcmds Info: \pdf@primitive is available.
Package pdftexcmds Info: \pdf@ifprimitive is available.
Package pdftexcmds Info: \pdfdraftmode found.
Package: pdfescape 2016/05/16 v1.14 Implements pdfTeX's escape features (HO)
Package: bigintcalc 2016/05/16 v1.4 Expandable calculations on big integers (HO
)
Package: bitset 2016/05/16 v1.2 Handle bit-vector datatype (HO)
Package: uniquecounter 2016/05/16 v1.3 Provide unlimited unique counter (HO)
)
Package hobsub Info: Skipping package `hobsub' (already loaded).
Package: letltxmacro 2016/05/16 v1.5 Let assignment for LaTeX macros (HO)
Package: hopatch 2016/05/16 v1.3 Wrapper for package hooks (HO)
Package: xcolor-patch 2016/05/16 xcolor patch
Package: atveryend 2016/05/16 v1.9 Hooks at the very end of document (HO)
Package atveryend Info: \enddocument detected (standard20110627).
Package: atbegshi 2016/06/09 v1.18 At begin shipout hook (HO)
Package: refcount 2016/05/16 v3.5 Data extraction from label references (HO)
Package: hycolor 2016/05/16 v1.8 Color options for hyperref/bookmark (HO)
)
(E:\miktex\tex\generic\ifxetex\ifxetex.sty
Package: ifxetex 2010/09/12 v0.6 Provides ifxetex conditional
)
(E:\miktex\tex\latex\oberdiek\auxhook.sty
Package: auxhook 2016/05/16 v1.4 Hooks for auxiliary files (HO)
)
(E:\miktex\tex\latex\oberdiek\kvoptions.sty
Package: kvoptions 2016/05/16 v3.12 Key value format for package options (HO)
)
\@linkdim=\dimen105
\Hy@linkcounter=\count88
\Hy@pagecounter=\count89

(E:\miktex\tex\latex\hyperref\pd1enc.def
File: pd1enc.def 2018/02/06 v6.86b Hyperref: PDFDocEncoding definition (HO)
Now handling font encoding PD1 ...
... no UTF-8 mapping file for font encoding PD1
)
\Hy@SavedSpaceFactor=\count90

(E:\miktex\tex\latex\00miktex\hyperref.cfg
File: hyperref.cfg 2002/06/06 v1.2 hyperref configuration of TeXLive
)
Package hyperref Info: Hyper figures OFF on input line 4509.
Package hyperref Info: Link nesting OFF on input line 4514.
Package hyperref Info: Hyper index ON on input line 4517.
Package hyperref Info: Plain pages OFF on input line 4524.
Package hyperref Info: Backreferencing OFF on input line 4529.
Package hyperref Info: Implicit mode ON; LaTeX internals redefined.
Package hyperref Info: Bookmarks ON on input line 4762.
\c@Hy@tempcnt=\count91
 (E:\miktex\tex\latex\url\url.sty
\Urlmuskip=\muskip10
Package: url 2013/09/16  ver 3.4  Verb mode for urls, etc.
)
LaTeX Info: Redefining \url on input line 5115.
\XeTeXLinkMargin=\dimen106
\Fld@menulength=\count92
\Field@Width=\dimen107
\Fld@charsize=\dimen108
Package hyperref Info: Hyper figures OFF on input line 6369.
Package hyperref Info: Link nesting OFF on input line 6374.
Package hyperref Info: Hyper index ON on input line 6377.
Package hyperref Info: backreferencing OFF on input line 6384.
Package hyperref Info: Link coloring OFF on input line 6389.
Package hyperref Info: Link coloring with OCG OFF on input line 6394.
Package hyperref Info: PDF/A mode OFF on input line 6399.
LaTeX Info: Redefining \ref on input line 6439.
LaTeX Info: Redefining \pageref on input line 6443.
\Hy@abspage=\count93
\c@Item=\count94
\c@Hfootnote=\count95
)
Package hyperref Info: Driver (autodetected): hpdftex.

(E:\miktex\tex\latex\hyperref\hpdftex.def
File: hpdftex.def 2018/02/06 v6.86b Hyperref driver for pdfTeX
\Fld@listcount=\count96
\c@bookmark@seq@number=\count97

(E:\miktex\tex\latex\oberdiek\rerunfilecheck.sty
Package: rerunfilecheck 2016/05/16 v1.8 Rerun checks for auxiliary files (HO)
Package uniquecounter Info: New unique counter `rerunfilecheck' on input line 2
82.
)
\Hy@SectionHShift=\skip43
)
Package hyperref Info: Option `colorlinks' set `true' on input line 5.

(E:\miktex\tex\latex\cjk\CJKutf8.sty
Package: CJKutf8 2015/04/18 4.8.4
 (E:\miktex\tex\latex\base\inputenc.sty
Package: inputenc 2018/04/06 v1.3b Input encoding file
\inpenc@prehook=\toks15
\inpenc@posthook=\toks16
)
(E:\miktex\tex\latex\cjk\CJK.sty
Package: CJK 2015/04/18 4.8.4
 (E:\miktex\tex\latex\cjk\mule\MULEenc.sty
Package: MULEenc 2015/04/18 4.8.4
)
(E:\miktex\tex\latex\cjk\CJK.enc
File: CJK.enc 2015/04/18 4.8.4
Now handling font encoding C00 ...
... no UTF-8 mapping file for font encoding C00
Now handling font encoding C05 ...
... no UTF-8 mapping file for font encoding C05
Now handling font encoding C09 ...
... no UTF-8 mapping file for font encoding C09
Now handling font encoding C10 ...
... no UTF-8 mapping file for font encoding C10
Now handling font encoding C20 ...
... no UTF-8 mapping file for font encoding C20
Now handling font encoding C19 ...
... no UTF-8 mapping file for font encoding C19
Now handling font encoding C40 ...
... no UTF-8 mapping file for font encoding C40
Now handling font encoding C42 ...
... no UTF-8 mapping file for font encoding C42
Now handling font encoding C43 ...
... no UTF-8 mapping file for font encoding C43
Now handling font encoding C50 ...
... no UTF-8 mapping file for font encoding C50
Now handling font encoding C52 ...
... no UTF-8 mapping file for font encoding C52
Now handling font encoding C49 ...
... no UTF-8 mapping file for font encoding C49
Now handling font encoding C60 ...
... no UTF-8 mapping file for font encoding C60
Now handling font encoding C61 ...
... no UTF-8 mapping file for font encoding C61
Now handling font encoding C63 ...
... no UTF-8 mapping file for font encoding C63
Now handling font encoding C64 ...
... no UTF-8 mapping file for font encoding C64
Now handling font encoding C65 ...
... no UTF-8 mapping file for font encoding C65
Now handling font encoding C70 ...
... no UTF-8 mapping file for font encoding C70
Now handling font encoding C31 ...
... no UTF-8 mapping file for font encoding C31
Now handling font encoding C32 ...
... no UTF-8 mapping file for font encoding C32
Now handling font encoding C33 ...
... no UTF-8 mapping file for font encoding C33
Now handling font encoding C34 ...
... no UTF-8 mapping file for font encoding C34
Now handling font encoding C35 ...
... no UTF-8 mapping file for font encoding C35
Now handling font encoding C36 ...
... no UTF-8 mapping file for font encoding C36
Now handling font encoding C37 ...
... no UTF-8 mapping file for font encoding C37
Now handling font encoding C80 ...
... no UTF-8 mapping file for font encoding C80
Now handling font encoding C81 ...
... no UTF-8 mapping file for font encoding C81
Now handling font encoding C01 ...
... no UTF-8 mapping file for font encoding C01
Now handling font encoding C11 ...
... no UTF-8 mapping file for font encoding C11
Now handling font encoding C21 ...
... no UTF-8 mapping file for font encoding C21
Now handling font encoding C41 ...
... no UTF-8 mapping file for font encoding C41
Now handling font encoding C62 ...
... no UTF-8 mapping file for font encoding C62
)
LaTeX Info: Redefining \selectfont on input line 755.
\CJK@indent=\box26
) (E:\miktex\tex\latex\base\fontenc.sty
Package: fontenc 2017/04/05 v2.0i Standard LaTeX package
))
(E:\miktex\tex\latex\cjk\UTF8\UTF8.bdg
File: UTF8.bdg 2015/04/18 4.8.4
) (E:\miktex\tex\latex\cjk\UTF8\UTF8.enc
File: UTF8.enc 2015/04/18 4.8.4
) (E:\miktex\tex\latex\cjk\UTF8\UTF8.chr
File: UTF8.chr 2015/04/18 4.8.4
)

LaTeX Warning: Unused global option(s):
    [14pt].

(report.aux)
\openout1 = `report.aux'.

LaTeX Font Info:    Checking defaults for OML/cmm/m/it on input line 16.
LaTeX Font Info:    ... okay on input line 16.
LaTeX Font Info:    Checking defaults for T1/cmr/m/n on input line 16.
LaTeX Font Info:    ... okay on input line 16.
LaTeX Font Info:    Checking defaults for OT1/cmr/m/n on input line 16.
LaTeX Font Info:    ... okay on input line 16.
LaTeX Font Info:    Checking defaults for OMS/cmsy/m/n on input line 16.
LaTeX Font Info:    ... okay on input line 16.
LaTeX Font Info:    Checking defaults for OMX/cmex/m/n on input line 16.
LaTeX Font Info:    ... okay on input line 16.
LaTeX Font Info:    Checking defaults for U/cmr/m/n on input line 16.
LaTeX Font Info:    ... okay on input line 16.
LaTeX Font Info:    Checking defaults for PD1/pdf/m/n on input line 16.
LaTeX Font Info:    ... okay on input line 16.
LaTeX Font Info:    Checking defaults for C00/song/m/n on input line 16.
LaTeX Font Info:    ... okay on input line 16.
LaTeX Font Info:    Checking defaults for C05/song/m/n on input line 16.
LaTeX Font Info:    ... okay on input line 16.
LaTeX Font Info:    Checking defaults for C09/song/m/n on input line 16.
LaTeX Font Info:    ... okay on input line 16.
LaTeX Font Info:    Checking defaults for C10/song/m/n on input line 16.
LaTeX Font Info:    ... okay on input line 16.
LaTeX Font Info:    Checking defaults for C20/song/m/n on input line 16.
LaTeX Font Info:    ... okay on input line 16.
LaTeX Font Info:    Checking defaults for C19/song/m/n on input line 16.
LaTeX Font Info:    ... okay on input line 16.
LaTeX Font Info:    Checking defaults for C40/song/m/n on input line 16.
LaTeX Font Info:    ... okay on input line 16.
LaTeX Font Info:    Checking defaults for C42/song/m/n on input line 16.
LaTeX Font Info:    ... okay on input line 16.
LaTeX Font Info:    Checking defaults for C43/song/m/n on input line 16.
LaTeX Font Info:    ... okay on input line 16.
LaTeX Font Info:    Checking defaults for C50/song/m/n on input line 16.
LaTeX Font Info:    ... okay on input line 16.
LaTeX Font Info:    Checking defaults for C52/song/m/n on input line 16.
LaTeX Font Info:    ... okay on input line 16.
LaTeX Font Info:    Checking defaults for C49/song/m/n on input line 16.
LaTeX Font Info:    ... okay on input line 16.
LaTeX Font Info:    Checking defaults for C60/mj/m/n on input line 16.
LaTeX Font Info:    ... okay on input line 16.
LaTeX Font Info:    Checking defaults for C61/mj/m/n on input line 16.
LaTeX Font Info:    ... okay on input line 16.
LaTeX Font Info:    Checking defaults for C63/mj/m/n on input line 16.
LaTeX Font Info:    ... okay on input line 16.
LaTeX Font Info:    Checking defaults for C64/mj/m/n on input line 16.
LaTeX Font Info:    ... okay on input line 16.
LaTeX Font Info:    Checking defaults for C65/mj/m/n on input line 16.
LaTeX Font Info:    ... okay on input line 16.
LaTeX Font Info:    Checking defaults for C70/song/m/n on input line 16.
LaTeX Font Info:    ... okay on input line 16.
LaTeX Font Info:    Checking defaults for C31/song/m/n on input line 16.
LaTeX Font Info:    ... okay on input line 16.
LaTeX Font Info:    Checking defaults for C32/song/m/n on input line 16.
LaTeX Font Info:    ... okay on input line 16.
LaTeX Font Info:    Checking defaults for C33/song/m/n on input line 16.
LaTeX Font Info:    ... okay on input line 16.
LaTeX Font Info:    Checking defaults for C34/song/m/n on input line 16.
LaTeX Font Info:    ... okay on input line 16.
LaTeX Font Info:    Checking defaults for C35/song/m/n on input line 16.
LaTeX Font Info:    ... okay on input line 16.
LaTeX Font Info:    Checking defaults for C36/song/m/n on input line 16.
LaTeX Font Info:    ... okay on input line 16.
LaTeX Font Info:    Checking defaults for C37/song/m/n on input line 16.
LaTeX Font Info:    ... okay on input line 16.
LaTeX Font Info:    Checking defaults for C80/song/m/n on input line 16.
LaTeX Font Info:    ... okay on input line 16.
LaTeX Font Info:    Checking defaults for C81/song/m/n on input line 16.
LaTeX Font Info:    ... okay on input line 16.
LaTeX Font Info:    Checking defaults for C01/song/m/n on input line 16.
LaTeX Font Info:    ... okay on input line 16.
LaTeX Font Info:    Checking defaults for C11/song/m/n on input line 16.
LaTeX Font Info:    ... okay on input line 16.
LaTeX Font Info:    Checking defaults for C21/song/m/n on input line 16.
LaTeX Font Info:    ... okay on input line 16.
LaTeX Font Info:    Checking defaults for C41/song/m/n on input line 16.
LaTeX Font Info:    ... okay on input line 16.
LaTeX Font Info:    Checking defaults for C62/song/m/n on input line 16.
LaTeX Font Info:    ... okay on input line 16.
 (E:\miktex\tex\context\base\supp-pdf.mkii
[Loading MPS to PDF converter (version 2006.09.02).]
\scratchcounter=\count98
\scratchdimen=\dimen109
\scratchbox=\box27
\nofMPsegments=\count99
\nofMParguments=\count100
\everyMPshowfont=\toks17
\MPscratchCnt=\count101
\MPscratchDim=\dimen110
\MPnumerator=\count102
\makeMPintoPDFobject=\count103
\everyMPtoPDFconversion=\toks18
) (E:\miktex\tex\latex\oberdiek\epstopdf-base.sty
Package: epstopdf-base 2016/05/15 v2.6 Base part for package epstopdf

(E:\miktex\tex\latex\oberdiek\grfext.sty
Package: grfext 2016/05/16 v1.2 Manage graphics extensions (HO)
)
Package epstopdf-base Info: Redefining graphics rule for `.eps' on input line 4
38.
Package grfext Info: Graphics extension search list:
(grfext)             [.pdf,.png,.jpg,.mps,.jpeg,.jbig2,.jb2,.PDF,.PNG,.JPG,.JPE
G,.JBIG2,.JB2,.eps]
(grfext)             \AppendGraphicsExtensions on input line 456.
)
\AtBeginShipoutBox=\box28

(E:\miktex\tex\latex\graphics\color.sty
Package: color 2016/07/10 v1.1e Standard LaTeX Color (DPC)

(E:\miktex\tex\latex\graphics-cfg\color.cfg
File: color.cfg 2016/01/02 v1.6 sample color configuration
)
Package color Info: Driver file: pdftex.def on input line 147.
)
Package hyperref Info: Link coloring ON on input line 16.

(E:\miktex\tex\latex\hyperref\nameref.sty
Package: nameref 2016/05/21 v2.44 Cross-referencing by name of section

(E:\miktex\tex\generic\oberdiek\gettitlestring.sty
Package: gettitlestring 2016/05/16 v1.5 Cleanup title references (HO)
)
\c@section@level=\count104
)
LaTeX Info: Redefining \ref on input line 16.
LaTeX Info: Redefining \pageref on input line 16.
LaTeX Info: Redefining \nameref on input line 16.
 (report.out) (report.out)
\@outlinefile=\write3
\openout3 = `report.out'.

LaTeX Font Info:    Try loading font information for C70+gkai on input line 20.


(E:\miktex\tex\latex\cjk\UTF8\c70gkai.fd
File: c70gkai.fd 2015/04/18 4.8.4
)
(E:\miktex\tex\latex\cjk\UTF8\c70gkai.fdx
File: c70gkai.fdx 2015/04/18 4.8.4
)
LaTeX Font Info:    External font `cmex10' loaded for size
(Font)              <12> on input line 20.
LaTeX Font Info:    External font `cmex10' loaded for size
(Font)              <8> on input line 20.
LaTeX Font Info:    External font `cmex10' loaded for size
(Font)              <6> on input line 20.


LaTeX Font Warning: Font shape `C70/gkai/m/sc' undefined
(Font)              using `C70/gkai/m/n' instead on input line 20.

LaTeX Font Info:    External font `cmex10' loaded for size
(Font)              <7> on input line 22.
LaTeX Font Info:    External font `cmex10' loaded for size
(Font)              <5> on input line 22.
[1

{C:/Users/think/AppData/Local/MiKTeX/2.9/pdftex/config/pdftex.map}]

Package hyperref Warning: Option `colorlinks' has already been used,
(hyperref)                setting the option has no effect on input line 38.

(report.toc)
\tf@toc=\write4
\openout4 = `report.toc'.

 [2]
Underfull \hbox (badness 10000) in paragraph at lines 57--62

 []


Underfull \hbox (badness 10000) in paragraph at lines 57--62

 []


Underfull \hbox (badness 10000) in paragraph at lines 63--64

 []

[3]
LaTeX Font Info:    Try loading font information for OMS+cmr on input line 75.
 (E:\miktex\tex\latex\base\omscmr.fd
File: omscmr.fd 2014/09/29 v2.5h Standard LaTeX font definitions
)
LaTeX Font Info:    Font shape `OMS/cmr/m/n' in size <10> not available
(Font)              Font shape `OMS/cmsy/m/n' tried instead on input line 75.
 [4]
<image/mvc.png, id=352, 904.37875pt x 543.02875pt>
File: image/mvc.png Graphic file (type png)
<use image/mvc.png>
Package pdftex.def Info: image/mvc.png  used on input line 101.
(pdftex.def)             Requested size: 276.00105pt x 165.71881pt.
 [5 <./image/mvc.png (PNG copy)>]
Underfull \hbox (badness 10000) in paragraph at lines 130--138

 []

[6]
<image/mvvm.jpeg, id=379, 354.82562pt x 200.75pt>
File: image/mvvm.jpeg Graphic file (type jpg)
<use image/mvvm.jpeg>
Package pdftex.def Info: image/mvvm.jpeg  used on input line 151.
(pdftex.def)             Requested size: 310.4979pt x 175.67418pt.

Underfull \hbox (badness 10000) in paragraph at lines 159--160

 []


Underfull \hbox (badness 10000) in paragraph at lines 169--170

 []


Underfull \hbox (badness 10000) in paragraph at lines 169--170

 []

[7 <./image/mvvm.jpeg>] [8] [9]
<image/team.png, id=399, 1275.76625pt x 683.55376pt>
File: image/team.png Graphic file (type png)
<use image/team.png>
Package pdftex.def Info: image/team.png  used on input line 222.
(pdftex.def)             Requested size: 276.00105pt x 147.87904pt.
<image/seg.png, id=400, 983.675pt x 615.29875pt>
File: image/seg.png Graphic file (type png)
<use image/seg.png>
Package pdftex.def Info: image/seg.png  used on input line 232.
(pdftex.def)             Requested size: 276.00105pt x 172.63924pt.
 [10 <./image/team.png (PNG copy)> <./image/seg.png (PNG copy)>]
<image/term.png, id=407, 989.6975pt x 839.135pt>
File: image/term.png Graphic file (type png)
<use image/term.png>
Package pdftex.def Info: image/term.png  used on input line 245.
(pdftex.def)             Requested size: 276.00105pt x 234.00868pt.
<image/role.png, id=408, 978.65625pt x 305.14pt>
File: image/role.png Graphic file (type png)
<use image/role.png>
Package pdftex.def Info: image/role.png  used on input line 255.
(pdftex.def)             Requested size: 276.00105pt x 86.05786pt.
 [11 <./image/term.png (PNG copy)> <./image/role.png (PNG copy)>]
<image/prototype.png, id=415, 839.38594pt x 559.33969pt>
File: image/prototype.png Graphic file (type png)
<use image/prototype.png>
Package pdftex.def Info: image/prototype.png  used on input line 269.
(pdftex.def)             Requested size: 207.09225pt x 137.9979pt.

Underfull \hbox (badness 10000) in paragraph at lines 266--273

 []


Underfull \hbox (badness 10000) in paragraph at lines 274--275

 []


Underfull \hbox (badness 10000) in paragraph at lines 274--275

 []

[12 <./image/prototype.png>]
<image/codev2.png, id=422, 379.4175pt x 682.55pt>
File: image/codev2.png Graphic file (type png)
<use image/codev2.png>
Package pdftex.def Info: image/codev2.png  used on input line 289.
(pdftex.def)             Requested size: 103.50105pt x 186.18646pt.
<image/second.png, id=423, 1156.32pt x 650.43pt>
File: image/second.png Graphic file (type png)
<use image/second.png>
Package pdftex.def Info: image/second.png  used on input line 297.
(pdftex.def)             Requested size: 310.4979pt x 174.65575pt.
 [13 <./image/codev2.png (PNG copy)> <./image/second.png>]
Underfull \hbox (badness 10000) in paragraph at lines 303--304

 []


Underfull \hbox (badness 10000) in paragraph at lines 303--304

 []


Underfull \hbox (badness 10000) in paragraph at lines 314--316

 []


Underfull \hbox (badness 10000) in paragraph at lines 314--316

 []

[14]
<image/1.png, id=441, 1927.2pt x 1084.05pt>
File: image/1.png Graphic file (type png)
<use image/1.png>
Package pdftex.def Info: image/1.png  used on input line 328.
(pdftex.def)             Requested size: 345.0pt x 194.06194pt.
<image/2.png, id=442, 769.6755pt x 650.43pt>
File: image/2.png Graphic file (type png)
<use image/2.png>
Package pdftex.def Info: image/2.png  used on input line 335.
(pdftex.def)             Requested size: 345.0pt x 291.54944pt.


LaTeX Warning: `h' float specifier changed to `ht'.

<image/3.png, id=443, 1156.32pt x 650.43pt>
File: image/3.png Graphic file (type png)
<use image/3.png>
Package pdftex.def Info: image/3.png  used on input line 342.
(pdftex.def)             Requested size: 345.0pt x 194.05862pt.

LaTeX Warning: `h' float specifier changed to `ht'.

<image/4.png, id=444, 1156.32pt x 650.43pt>
File: image/4.png Graphic file (type png)
<use image/4.png>
Package pdftex.def Info: image/4.png  used on input line 349.
(pdftex.def)             Requested size: 345.0pt x 194.05862pt.

LaTeX Warning: `h' float specifier changed to `ht'.

[15 <./image/1.png (PNG copy)>]
Package atveryend Info: Empty hook `BeforeClearDocument' on input line 357.
 [16 <./image/2.png> <./image/3.png>] [17 <./image/4.png>]
Package atveryend Info: Empty hook `AfterLastShipout' on input line 357.
 (report.aux)
Package atveryend Info: Executing hook `AtVeryEndDocument' on input line 357.
Package atveryend Info: Executing hook `AtEndAfterFileList' on input line 357.
Package rerunfilecheck Info: File `report.out' has not changed.
(rerunfilecheck)             Checksum: D44BD010779E6B925C6063572C5E086D;3593.


LaTeX Font Warning: Some font shapes were not available, defaults substituted.

Package atveryend Info: Empty hook `AtVeryVeryEnd' on input line 357.
 ) 
Here is how much of TeX's memory you used:
 8017 strings out of 492973
 111806 string characters out of 3143880
 201372 words of memory out of 3000000
 11421 multiletter control sequences out of 15000+200000
 47081 words of font info for 168 fonts, out of 3000000 for 9000
 1141 hyphenation exceptions out of 8191
 28i,7n,33p,1221b,2222s stack positions out of 5000i,500n,10000p,200000b,50000s
<E:/miktex/fonts/type1/public/amsfonts/cm/cmbx10.pfb><E:/miktex/fonts/type1/p
ublic/amsfonts/cm/cmbx12.pfb><E:/miktex/fonts/type1/public/amsfonts/cm/cmcsc10.
pfb><E:/miktex/fonts/type1/public/amsfonts/cm/cmr10.pfb><E:/miktex/fonts/type1/
public/amsfonts/cm/cmr12.pfb><E:/miktex/fonts/type1/public/amsfonts/cm/cmsy10.p
fb><E:/miktex/fonts/type1/arphic/gkaiu/gkaiu30.pfb><E:/miktex/fonts/type1/arphi
c/gkaiu/gkaiu4e.pfb><E:/miktex/fonts/type1/arphic/gkaiu/gkaiu4f.pfb><E:/miktex/
fonts/type1/arphic/gkaiu/gkaiu50.pfb><E:/miktex/fonts/type1/arphic/gkaiu/gkaiu5
1.pfb><E:/miktex/fonts/type1/arphic/gkaiu/gkaiu52.pfb><E:/miktex/fonts/type1/ar
phic/gkaiu/gkaiu53.pfb><E:/miktex/fonts/type1/arphic/gkaiu/gkaiu54.pfb><E:/mikt
ex/fonts/type1/arphic/gkaiu/gkaiu55.pfb><E:/miktex/fonts/type1/arphic/gkaiu/gka
iu56.pfb><E:/miktex/fonts/type1/arphic/gkaiu/gkaiu57.pfb><E:/miktex/fonts/type1
/arphic/gkaiu/gkaiu58.pfb><E:/miktex/fonts/type1/arphic/gkaiu/gkaiu59.pfb><E:/m
iktex/fonts/type1/arphic/gkaiu/gkaiu5b.pfb><E:/miktex/fonts/type1/arphic/gkaiu/
gkaiu5c.pfb><E:/miktex/fonts/type1/arphic/gkaiu/gkaiu5d.pfb><E:/miktex/fonts/ty
pe1/arphic/gkaiu/gkaiu5e.pfb><E:/miktex/fonts/type1/arphic/gkaiu/gkaiu5f.pfb><E
:/miktex/fonts/type1/arphic/gkaiu/gkaiu60.pfb><E:/miktex/fonts/type1/arphic/gka
iu/gkaiu61.pfb><E:/miktex/fonts/type1/arphic/gkaiu/gkaiu62.pfb><E:/miktex/fonts
/type1/arphic/gkaiu/gkaiu63.pfb><E:/miktex/fonts/type1/arphic/gkaiu/gkaiu64.pfb
><E:/miktex/fonts/type1/arphic/gkaiu/gkaiu65.pfb><E:/miktex/fonts/type1/arphic/
gkaiu/gkaiu66.pfb><E:/miktex/fonts/type1/arphic/gkaiu/gkaiu67.pfb><E:/miktex/fo
nts/type1/arphic/gkaiu/gkaiu68.pfb><E:/miktex/fonts/type1/arphic/gkaiu/gkaiu69.
pfb><E:/miktex/fonts/type1/arphic/gkaiu/gkaiu6a.pfb><E:/miktex/fonts/type1/arph
ic/gkaiu/gkaiu6b.pfb><E:/miktex/fonts/type1/arphic/gkaiu/gkaiu6c.pfb><E:/miktex
/fonts/type1/arphic/gkaiu/gkaiu6d.pfb><E:/miktex/fonts/type1/arphic/gkaiu/gkaiu
6e.pfb><E:/miktex/fonts/type1/arphic/gkaiu/gkaiu6f.pfb><E:/miktex/fonts/type1/a
rphic/gkaiu/gkaiu70.pfb><E:/miktex/fonts/type1/arphic/gkaiu/gkaiu71.pfb><E:/mik
tex/fonts/type1/arphic/gkaiu/gkaiu72.pfb><E:/miktex/fonts/type1/arphic/gkaiu/gk
aiu73.pfb><E:/miktex/fonts/type1/arphic/gkaiu/gkaiu74.pfb><E:/miktex/fonts/type
1/arphic/gkaiu/gkaiu75.pfb><E:/miktex/fonts/type1/arphic/gkaiu/gkaiu76.pfb><E:/
miktex/fonts/type1/arphic/gkaiu/gkaiu77.pfb><E:/miktex/fonts/type1/arphic/gkaiu
/gkaiu78.pfb><E:/miktex/fonts/type1/arphic/gkaiu/gkaiu79.pfb><E:/miktex/fonts/t
ype1/arphic/gkaiu/gkaiu7a.pfb><E:/miktex/fonts/type1/arphic/gkaiu/gkaiu7b.pfb><
E:/miktex/fonts/type1/arphic/gkaiu/gkaiu7c.pfb><E:/miktex/fonts/type1/arphic/gk
aiu/gkaiu7d.pfb><E:/miktex/fonts/type1/arphic/gkaiu/gkaiu7e.pfb><E:/miktex/font
s/type1/arphic/gkaiu/gkaiu7f.pfb><E:/miktex/fonts/type1/arphic/gkaiu/gkaiu80.pf
b><E:/miktex/fonts/type1/arphic/gkaiu/gkaiu81.pfb><E:/miktex/fonts/type1/arphic
/gkaiu/gkaiu82.pfb><E:/miktex/fonts/type1/arphic/gkaiu/gkaiu83.pfb><E:/miktex/f
onts/type1/arphic/gkaiu/gkaiu87.pfb><E:/miktex/fonts/type1/arphic/gkaiu/gkaiu88
.pfb><E:/miktex/fonts/type1/arphic/gkaiu/gkaiu89.pfb><E:/miktex/fonts/type1/arp
hic/gkaiu/gkaiu8a.pfb><E:/miktex/fonts/type1/arphic/gkaiu/gkaiu8b.pfb><E:/mikte
x/fonts/type1/arphic/gkaiu/gkaiu8c.pfb><E:/miktex/fonts/type1/arphic/gkaiu/gkai
u8d.pfb><E:/miktex/fonts/type1/arphic/gkaiu/gkaiu8e.pfb><E:/miktex/fonts/type1/
arphic/gkaiu/gkaiu8f.pfb><E:/miktex/fonts/type1/arphic/gkaiu/gkaiu90.pfb><E:/mi
ktex/fonts/type1/arphic/gkaiu/gkaiu91.pfb><E:/miktex/fonts/type1/arphic/gkaiu/g
kaiu94.pfb><E:/miktex/fonts/type1/arphic/gkaiu/gkaiu95.pfb><E:/miktex/fonts/typ
e1/arphic/gkaiu/gkaiu96.pfb><E:/miktex/fonts/type1/arphic/gkaiu/gkaiu97.pfb><E:
/miktex/fonts/type1/arphic/gkaiu/gkaiu98.pfb><E:/miktex/fonts/type1/arphic/gkai
u/gkaiu9a.pfb><E:/miktex/fonts/type1/arphic/gkaiu/gkaiuff.pfb>
Output written on report.pdf (17 pages, 9679152 bytes).
PDF statistics:
 721 PDF objects out of 1000 (max. 8388607)
 81 named destinations out of 1000 (max. 500000)
 666 words of extra memory for PDF output out of 10000 (max. 10000000)

